<?xml version="1.0" encoding="UTF-8"?>
<!-- Generated by org.testng.reporters.JUnitReportReporter -->
<testsuite hostname="DESKTOP-IBENE70" failures="0" tests="2" name="com.demo.Multithread" time="9.593" errors="0" timestamp="2022-10-06T15:46:45 IST" skipped="0">
  <testcase classname="com.demo.Multithread" name="testOnChromeWithBrowserStackUrl" time="2.839"/>
  <testcase classname="com.demo.Multithread" name="testOnChromeWithBrowserStackSignUp" time="6.754"/>
</testsuite> <!-- com.demo.Multithread -->
